
Current windowClass: WindowsForms10.Window.8.app.0

Could not find window of class: Qt5QWindowIcon
Current windowClass: WindowsForms10.Window.8.app.0

Could not find window of class: Qt5QWindowIcon
Current windowClass: WindowsForms10.Window.8.app.0

Could not find window of class: Qt5QWindowIcon
Current windowClass: WindowsForms10.Window.8.app.0

Could not find window of class: Qt5QWindowIcon
Current windowClass: WindowsForms10.Window.8.app.0

Could not find window of class: Qt5QWindowIcon
Current windowClass: WindowsForms10.Window.8.app.0

Could not find window of class: Qt5QWindowIcon
Current windowClass: WindowsForms10.Window.8.app.0

Could not find window of class: Qt5QWindowIcon
Current windowClass: WindowsForms10.Window.8.app.0

Could not find window of class: Qt5QWindowIcon
Current windowClass: WindowsForms10.Window.8.app.0

Could not find window of class: Qt5QWindowIcon
Current windowClass: WindowsForms10.Window.8.app.0

Could not find window of class: Qt5QWindowIcon
Current windowClass: WindowsForms10.Window.8.app.0

Could not find window of class: Qt5QWindowIcon
Current windowClass: WindowsForms10.Window.8.app.0

Could not find window of class: Qt5QWindowIcon
Current windowClass: WindowsForms10.Window.8.app.0

Could not find window of class: Qt5QWindowIcon
Current windowClass: WindowsForms10.Window.8.app.0

Could not find window of class: Qt5QWindowIcon
Current windowClass: WindowsForms10.Window.8.app.0

Could not find window of class: Qt5QWindowIcon
Current windowClass: WindowsForms10.Window.8.app.0

Could not find window of class: Qt5QWindowIcon
Current windowClass: WindowsForms10.Window.8.app.0

Could not find window of class: Qt5QWindowIcon
Current windowClass: WindowsForms10.Window.8.app.0

Could not find window of class: Qt5QWindowIcon
Current windowClass: WindowsForms10.Window.8.app.0

Could not find window of class: Qt5QWindowIcon
Current windowClass: WindowsForms10.Window.8.app.0

Could not find window of class: Qt5QWindowIcon
Current windowClass: WindowsForms10.Window.8.app.0

Could not find window of class: Qt5QWindowIcon
Current windowClass: WindowsForms10.Window.8.app.0

Could not find window of class: Qt5QWindowIcon
Current windowClass: WindowsForms10.Window.8.app.0

Could not find window of class: Qt5QWindowIcon
Current windowClass: WindowsForms10.Window.8.app.0

Could not find window of class: Qt5QWindowIcon
Current windowClass: WindowsForms10.Window.8.app.0

Could not find window of class: Qt5QWindowIcon
Current windowClass: WindowsForms10.Window.8.app.0

Could not find window of class: Qt5QWindowIcon
Current windowClass: WindowsForms10.Window.8.app.0

Could not find window of class: Qt5QWindowIcon
Current windowClass: WindowsForms10.Window.8.app.0

Could not find window of class: Qt5QWindowIcon
Current windowClass: WindowsForms10.Window.8.app.0

Could not find window of class: Qt5QWindowIcon
Current windowClass: WindowsForms10.Window.8.app.0

Could not find window of class: Qt5QWindowIcon
Current windowClass: WindowsForms10.Window.8.app.0

Could not find window of class: Qt5QWindowIcon
Current windowClass: WindowsForms10.Window.8.app.0

Could not find window of class: Qt5QWindowIcon
Current windowClass: WindowsForms10.Window.8.app.0

Could not find window of class: Qt5QWindowIcon
Current windowClass: Qt5QWindowIcon

Found window, yeet
Current windowClass: Qt5QWindowIcon

We still waiting
Current windowClass: Qt5QWindowIcon

We still waiting
Current windowClass: Qt5QWindowIcon

We still waiting
Current windowClass: Qt5QWindowIcon

We still waiting
Current windowClass: Qt5QWindowIcon

We still waiting
Current windowClass: Qt5QWindowIcon

We still waiting
Current windowClass: Qt5QWindowIcon

We still waiting
Current windowClass: Qt5QWindowIcon

We still waiting
Current windowClass: Qt5QWindowIcon

We still waiting
Current windowClass: Qt5QWindowIcon

We still waiting
Current windowClass: Qt5QWindowIcon

We still waiting
Current windowClass: Qt5QWindowIcon

We still waiting
Current windowClass: Qt5QWindowIcon

We still waiting
Current windowClass: Qt5QWindowIcon

We still waiting
Current windowClass: Qt5QWindowIcon

We still waiting
Current windowClass: Qt5QWindowIcon

We still waiting
Current windowClass: Qt5QWindowIcon

We still waiting
Current windowClass: Qt5QWindowIcon

We still waiting
Current windowClass: Qt5QWindowIcon

We still waiting
Current windowClass: Qt5QWindowIcon

We still waiting
Current windowClass: Qt5QWindowIcon

We still waiting
Current windowClass: Qt5QWindowIcon

We still waiting
Current windowClass: Qt5QWindowIcon

We still waiting
Current windowClass: Qt5QWindowIcon

We still waiting
Current windowClass: Qt5QWindowIcon

We still waiting
Current windowClass: Qt5QWindowIcon

We still waiting
Current windowClass: Qt5QWindowIcon

We still waiting
Current windowClass: Qt5QWindowIcon

We still waiting
Current windowClass: Qt5QWindowIcon

We still waiting
Current windowClass: Qt5QWindowIcon

We still waiting
Current windowClass: Qt5QWindowIcon

We still waiting
Current windowClass: Qt5QWindowIcon

We still waiting
Current windowClass: Qt5QWindowIcon

We still waiting
Current windowClass: Qt5QWindowIcon

We still waiting
Current windowClass: Qt5QWindowIcon

We still waiting
Current windowClass: Qt5QWindowIcon

We still waiting
Current windowClass: Qt5QWindowIcon

We still waiting
Current windowClass: Qt5QWindowIcon

We still waiting
Current windowClass: Qt5QWindowIcon

We still waiting
Current windowClass: Qt5QWindowIcon

We still waiting
Current windowClass: Qt5QWindowIcon

We still waiting
Current windowClass: Qt5QWindowIcon

We still waiting
Current windowClass: Qt5QWindowIcon

We still waiting
Current windowClass: Qt5QWindowIcon

We still waiting
Current windowClass: Qt5QWindowIcon

We still waiting
Current windowClass: Qt5QWindowIcon

We still waiting
Current windowClass: Qt5QWindowIcon

We still waiting
Current windowClass: Qt5QWindowIcon

We still waiting
Current windowClass: Qt5QWindowIcon

We still waiting
Current windowClass: Qt5QWindowIcon

We still waiting
Current windowClass: Qt5QWindowIcon

We still waiting
Current windowClass: Qt5QWindowIcon

We still waiting
Current windowClass: Qt5QWindowIcon

We still waiting
Current windowClass: Qt5QWindowIcon

We still waiting
Current windowClass: Qt5QWindowIcon

We still waiting
Current windowClass: Qt5QWindowIcon

We still waiting
Current windowClass: Qt5QWindowIcon

We still waiting
Current windowClass: Qt5QWindowIcon

We still waiting
Current windowClass: Qt5QWindowIcon

We still waiting
Current windowClass: Qt5QWindowIcon

We still waiting
Current windowClass: Qt5QWindowIcon

We still waiting
Current windowClass: Qt5QWindowIcon

We still waiting
Current windowClass: Qt5QWindowIcon

We still waiting
Current windowClass: Qt5QWindowIcon

We still waiting
Current windowClass: Qt5QWindowIcon

We still waiting
Current windowClass: Qt5QWindowIcon

We still waiting
Current windowClass: Qt5QWindowIcon

We still waiting
Current windowClass: Qt5QWindowIcon

We still waiting
Current windowClass: Qt5QWindowIcon

We still waiting
Current windowClass: Qt5QWindowIcon

We still waiting
Current windowClass: Qt5QWindowIcon

We still waiting
Current windowClass: Qt5QWindowIcon

We still waiting
Current windowClass: Qt5QWindowIcon

We still waiting
Current windowClass: Qt5QWindowIcon

We still waiting
Current windowClass: Qt5QWindowIcon

We still waiting
Current windowClass: 

Finally its closed
Waiting for Game Client to start
Waiting for process: D2R.exe
Still waiting for Game Client
